13:16:37.440 INFO  - Processing command line option -hwspec C:/xup/embedded/labs/lab1/lab1.sdk/SDK/SDK_Export/hw/system.xml. 
13:23:13.086 INFO  - Processor reset is completed for ps7_cortexa9_0 
13:23:13.195 INFO  - PS initialization will be done as it is not done before. 
13:23:13.195 INFO  - Running PS initialization.... 
13:23:13.507 INFO  - ps7_init is completed. 
13:23:13.617 INFO  - PS Initialization is complete. 
13:25:51.725 ERROR - Unexpected error while parsing XMD response ?: com.google.gson.JsonSyntaxException: com.google.gson.stream.MalformedJsonException: invalid number or unquoted string near  
14:07:37.211 INFO  - Processing command line option -hwspec D:/xup/embedded/labss/finalproject2/finalproject2.sdk/SDK/SDK_Export/hw/system.xml. 
14:07:37.352 INFO  - The hardware specification for project 'hw_platform_0' is different from D:/xup/embedded/labss/finalproject2/finalproject2.sdk/SDK/SDK_Export/hw/system.xml. 
14:07:37.461 INFO  - Copied contents of D:/xup/embedded/labss/finalproject2/finalproject2.sdk/SDK/SDK_Export/hw/system.xml into \hw_platform_0\system.xml. 
14:07:37.508 INFO  - Copied contents of D:\xup\embedded\labss\finalproject2\finalproject2.sdk\SDK\SDK_Export\hw\system_wrapper.bit into \hw_platform_0\system.bit. 
14:07:37.695 INFO  - Copied contents of D:\xup\embedded\labss\finalproject2\finalproject2.sdk\SDK\SDK_Export\hw\ps7_init.c into \hw_platform_0\ps7_init.c. 
14:07:37.695 INFO  - Copied contents of D:\xup\embedded\labss\finalproject2\finalproject2.sdk\SDK\SDK_Export\hw\ps7_init.h into \hw_platform_0\ps7_init.h. 
14:07:37.695 INFO  - Copied contents of D:\xup\embedded\labss\finalproject2\finalproject2.sdk\SDK\SDK_Export\hw\ps7_init.html into \hw_platform_0\ps7_init.html. 
14:07:37.695 INFO  - Copied contents of D:\xup\embedded\labss\finalproject2\finalproject2.sdk\SDK\SDK_Export\hw\ps7_summary.html into \hw_platform_0\ps7_summary.html. 
14:07:37.710 INFO  - Copied contents of D:\xup\embedded\labss\finalproject2\finalproject2.sdk\SDK\SDK_Export\hw\ps7_init.tcl into \hw_platform_0\ps7_init.tcl. 
14:07:38.069 INFO  - Synchronizing projects in the workspace with the hardware platform specification changes. 
14:07:43.873 INFO  - Updating MSS for Board Support Package Project: mem_test_bsp.
		 The following new driver assignments were made:
			Peripheral Instance: beep_1bit, driver: gpio_v3_01_a.
			Peripheral Instance: btn_4bit, driver: gpio_v3_01_a.
			Peripheral Instance: led_4bit, driver: gpio_v3_01_a.
			Peripheral Instance: outbtn_1bit, driver: gpio_v3_01_a.
			Peripheral Instance: sw_4bit, driver: gpio_v3_01_a.
 
14:07:44.699 INFO  - Updating hardware inferred compiler options for mem_test. 
14:07:44.699 INFO  - Clearing existing target manager status. 
14:07:49.271 INFO  - Closing and re-opening the MSS file of ther project mem_test_bsp 
14:07:51.720 INFO  - Workspace synchronized with the new hardware specification file. Cleaning dependent projects... 
14:16:23.376 INFO  - FPGA configured successfully with bitstream "D:/xup/embedded/labss/finalproject2/finalproject2.sdk/SDK/SDK_Export/hw_platform_0/system.bit" 
14:16:40.475 INFO  - Processor reset is completed for ps7_cortexa9_0 
14:16:40.584 INFO  - PS initialization will be done as it is not done before. 
14:16:40.584 INFO  - Running PS initialization.... 
14:16:40.911 INFO  - ps7_init is completed. 
14:16:41.021 INFO  - ps7_post_config is completed. 
14:16:41.130 INFO  - PS Initialization is complete. 
14:21:13.151 INFO  - FPGA configured successfully with bitstream "D:/xup/embedded/labss/finalproject2/finalproject2.sdk/SDK/SDK_Export/hw_platform_0/system.bit" 
14:21:25.819 INFO  - Processor reset is completed for ps7_cortexa9_0 
14:21:25.929 INFO  - PS initialization will be done as it is not done before. 
14:21:25.929 INFO  - Running PS initialization.... 
14:21:26.350 INFO  - ps7_init is completed. 
14:21:26.459 INFO  - ps7_post_config is completed. 
14:21:26.568 INFO  - PS Initialization is complete. 
14:21:37.208 ERROR - Unexpected exception while reading from serial port: {} java.io.IOException: No error in nativeavailable
	at gnu.io.RXTXPort.nativeavailable(Native Method)
	at gnu.io.RXTXPort$SerialInputStream.available(RXTXPort.java:1532)

14:21:37.224 ERROR - Unexpected exception while reading from serial port: {} java.io.IOException: Bad file descriptor in nativeavailable
	at gnu.io.RXTXPort.nativeavailable(Native Method)
	at gnu.io.RXTXPort$SerialInputStream.available(RXTXPort.java:1532)

14:21:37.240 ERROR - Unexpected exception while reading from serial port: {} java.io.IOException: Bad file descriptor in nativeavailable
	at gnu.io.RXTXPort.nativeavailable(Native Method)
	at gnu.io.RXTXPort$SerialInputStream.available(RXTXPort.java:1532)

14:21:37.255 ERROR - Unexpected exception while reading from serial port: {} java.io.IOException: Bad file descriptor in nativeavailable
	at gnu.io.RXTXPort.nativeavailable(Native Method)
	at gnu.io.RXTXPort$SerialInputStream.available(RXTXPort.java:1532)

14:21:37.271 ERROR - Unexpected exception while reading from serial port: {} java.io.IOException: Bad file descriptor in nativeavailable
	at gnu.io.RXTXPort.nativeavailable(Native Method)
	at gnu.io.RXTXPort$SerialInputStream.available(RXTXPort.java:1532)

14:21:37.286 ERROR - Unexpected exception while reading from serial port: {} java.io.IOException: Bad file descriptor in nativeavailable
	at gnu.io.RXTXPort.nativeavailable(Native Method)
	at gnu.io.RXTXPort$SerialInputStream.available(RXTXPort.java:1532)

14:21:37.302 ERROR - Unexpected exception while reading from serial port: {} java.io.IOException: Bad file descriptor in nativeavailable
	at gnu.io.RXTXPort.nativeavailable(Native Method)
	at gnu.io.RXTXPort$SerialInputStream.available(RXTXPort.java:1532)

14:21:37.318 ERROR - Unexpected exception while reading from serial port: {} java.io.IOException: Bad file descriptor in nativeavailable
	at gnu.io.RXTXPort.nativeavailable(Native Method)
	at gnu.io.RXTXPort$SerialInputStream.available(RXTXPort.java:1532)

14:21:37.333 ERROR - Unexpected exception while reading from serial port: {} java.io.IOException: Bad file descriptor in nativeavailable
	at gnu.io.RXTXPort.nativeavailable(Native Method)
	at gnu.io.RXTXPort$SerialInputStream.available(RXTXPort.java:1532)

14:21:37.349 ERROR - Unexpected exception while reading from serial port: {} java.io.IOException: Bad file descriptor in nativeavailable
	at gnu.io.RXTXPort.nativeavailable(Native Method)
	at gnu.io.RXTXPort$SerialInputStream.available(RXTXPort.java:1532)

14:21:37.365 ERROR - Unexpected exception while reading from serial port: {} java.io.IOException: Bad file descriptor in nativeavailable
	at gnu.io.RXTXPort.nativeavailable(Native Method)
	at gnu.io.RXTXPort$SerialInputStream.available(RXTXPort.java:1532)

14:21:37.381 ERROR - Unexpected exception while reading from serial port: {} java.io.IOException: Bad file descriptor in nativeavailable
	at gnu.io.RXTXPort.nativeavailable(Native Method)
	at gnu.io.RXTXPort$SerialInputStream.available(RXTXPort.java:1532)

14:21:37.397 ERROR - Unexpected exception while reading from serial port: {} java.io.IOException: Bad file descriptor in nativeavailable
	at gnu.io.RXTXPort.nativeavailable(Native Method)
	at gnu.io.RXTXPort$SerialInputStream.available(RXTXPort.java:1532)

14:21:37.412 ERROR - Unexpected exception while reading from serial port: {} java.io.IOException: Bad file descriptor in nativeavailable
	at gnu.io.RXTXPort.nativeavailable(Native Method)
	at gnu.io.RXTXPort$SerialInputStream.available(RXTXPort.java:1532)

14:21:37.428 ERROR - Unexpected exception while reading from serial port: {} java.io.IOException: Bad file descriptor in nativeavailable
	at gnu.io.RXTXPort.nativeavailable(Native Method)
	at gnu.io.RXTXPort$SerialInputStream.available(RXTXPort.java:1532)

14:21:37.443 ERROR - Unexpected exception while reading from serial port: {} java.io.IOException: Bad file descriptor in nativeavailable
	at gnu.io.RXTXPort.nativeavailable(Native Method)
	at gnu.io.RXTXPort$SerialInputStream.available(RXTXPort.java:1532)

14:21:37.459 ERROR - Unexpected exception while reading from serial port: {} java.io.IOException: Bad file descriptor in nativeavailable
	at gnu.io.RXTXPort.nativeavailable(Native Method)
	at gnu.io.RXTXPort$SerialInputStream.available(RXTXPort.java:1532)

14:21:37.475 ERROR - Unexpected exception while reading from serial port: {} java.io.IOException: Bad file descriptor in nativeavailable
	at gnu.io.RXTXPort.nativeavailable(Native Method)
	at gnu.io.RXTXPort$SerialInputStream.available(RXTXPort.java:1532)

14:21:37.490 ERROR - Unexpected exception while reading from serial port: {} java.io.IOException: Bad file descriptor in nativeavailable
	at gnu.io.RXTXPort.nativeavailable(Native Method)
	at gnu.io.RXTXPort$SerialInputStream.available(RXTXPort.java:1532)

14:21:37.506 ERROR - Unexpected exception while reading from serial port: {} java.io.IOException: Bad file descriptor in nativeavailable
	at gnu.io.RXTXPort.nativeavailable(Native Method)
	at gnu.io.RXTXPort$SerialInputStream.available(RXTXPort.java:1532)

14:21:37.521 ERROR - Unexpected exception while reading from serial port: {} java.io.IOException: Bad file descriptor in nativeavailable
	at gnu.io.RXTXPort.nativeavailable(Native Method)
	at gnu.io.RXTXPort$SerialInputStream.available(RXTXPort.java:1532)

14:21:37.537 ERROR - Unexpected exception while reading from serial port: {} java.io.IOException: Bad file descriptor in nativeavailable
	at gnu.io.RXTXPort.nativeavailable(Native Method)
	at gnu.io.RXTXPort$SerialInputStream.available(RXTXPort.java:1532)

14:22:35.273 INFO  - FPGA configured successfully with bitstream "D:/xup/embedded/labss/finalproject2/finalproject2.sdk/SDK/SDK_Export/hw_platform_0/system.bit" 
14:22:49.018 INFO  - Processor reset is completed for ps7_cortexa9_0 
14:22:49.127 INFO  - PS initialization will be done as it is not done before. 
14:22:49.127 INFO  - Running PS initialization.... 
14:22:49.439 INFO  - ps7_init is completed. 
14:22:49.548 INFO  - ps7_post_config is completed. 
14:22:49.657 INFO  - PS Initialization is complete. 
14:23:00.516 ERROR - Unexpected exception while reading from serial port: {} java.io.IOException: No error in nativeavailable
	at gnu.io.RXTXPort.nativeavailable(Native Method)
	at gnu.io.RXTXPort$SerialInputStream.available(RXTXPort.java:1532)

14:23:00.532 ERROR - Unexpected exception while reading from serial port: {} java.io.IOException: Bad file descriptor in nativeavailable
	at gnu.io.RXTXPort.nativeavailable(Native Method)
	at gnu.io.RXTXPort$SerialInputStream.available(RXTXPort.java:1532)

14:23:00.547 ERROR - Unexpected exception while reading from serial port: {} java.io.IOException: Bad file descriptor in nativeavailable
	at gnu.io.RXTXPort.nativeavailable(Native Method)
	at gnu.io.RXTXPort$SerialInputStream.available(RXTXPort.java:1532)

14:23:00.563 ERROR - Unexpected exception while reading from serial port: {} java.io.IOException: Bad file descriptor in nativeavailable
	at gnu.io.RXTXPort.nativeavailable(Native Method)
	at gnu.io.RXTXPort$SerialInputStream.available(RXTXPort.java:1532)

14:23:00.578 ERROR - Unexpected exception while reading from serial port: {} java.io.IOException: Bad file descriptor in nativeavailable
	at gnu.io.RXTXPort.nativeavailable(Native Method)
	at gnu.io.RXTXPort$SerialInputStream.available(RXTXPort.java:1532)

14:23:00.594 ERROR - Unexpected exception while reading from serial port: {} java.io.IOException: Bad file descriptor in nativeavailable
	at gnu.io.RXTXPort.nativeavailable(Native Method)
	at gnu.io.RXTXPort$SerialInputStream.available(RXTXPort.java:1532)

14:23:00.610 ERROR - Unexpected exception while reading from serial port: {} java.io.IOException: Bad file descriptor in nativeavailable
	at gnu.io.RXTXPort.nativeavailable(Native Method)
	at gnu.io.RXTXPort$SerialInputStream.available(RXTXPort.java:1532)

14:23:00.625 ERROR - Unexpected exception while reading from serial port: {} java.io.IOException: Bad file descriptor in nativeavailable
	at gnu.io.RXTXPort.nativeavailable(Native Method)
	at gnu.io.RXTXPort$SerialInputStream.available(RXTXPort.java:1532)

14:23:00.641 ERROR - Unexpected exception while reading from serial port: {} java.io.IOException: Bad file descriptor in nativeavailable
	at gnu.io.RXTXPort.nativeavailable(Native Method)
	at gnu.io.RXTXPort$SerialInputStream.available(RXTXPort.java:1532)

14:23:00.656 ERROR - Unexpected exception while reading from serial port: {} java.io.IOException: Bad file descriptor in nativeavailable
	at gnu.io.RXTXPort.nativeavailable(Native Method)
	at gnu.io.RXTXPort$SerialInputStream.available(RXTXPort.java:1532)

14:23:00.657 ERROR - Unexpected exception while reading from serial port: {} java.io.IOException: Bad file descriptor in nativeavailable
	at gnu.io.RXTXPort.nativeavailable(Native Method)
	at gnu.io.RXTXPort$SerialInputStream.available(RXTXPort.java:1532)

14:23:00.658 ERROR - Unexpected exception while reading from serial port: {} java.io.IOException: Bad file descriptor in nativeavailable
	at gnu.io.RXTXPort.nativeavailable(Native Method)
	at gnu.io.RXTXPort$SerialInputStream.available(RXTXPort.java:1532)

14:23:00.659 ERROR - Unexpected exception while reading from serial port: {} java.io.IOException: Bad file descriptor in nativeavailable
	at gnu.io.RXTXPort.nativeavailable(Native Method)
	at gnu.io.RXTXPort$SerialInputStream.available(RXTXPort.java:1532)

14:23:00.660 ERROR - Unexpected exception while reading from serial port: {} java.io.IOException: Bad file descriptor in nativeavailable
	at gnu.io.RXTXPort.nativeavailable(Native Method)
	at gnu.io.RXTXPort$SerialInputStream.available(RXTXPort.java:1532)

14:23:00.661 ERROR - Unexpected exception while reading from serial port: {} java.io.IOException: Bad file descriptor in nativeavailable
	at gnu.io.RXTXPort.nativeavailable(Native Method)
	at gnu.io.RXTXPort$SerialInputStream.available(RXTXPort.java:1532)

14:23:00.662 ERROR - Unexpected exception while reading from serial port: {} java.io.IOException: Bad file descriptor in nativeavailable
	at gnu.io.RXTXPort.nativeavailable(Native Method)
	at gnu.io.RXTXPort$SerialInputStream.available(RXTXPort.java:1532)

14:23:00.678 ERROR - Unexpected exception while reading from serial port: {} java.io.IOException: Bad file descriptor in nativeavailable
	at gnu.io.RXTXPort.nativeavailable(Native Method)
	at gnu.io.RXTXPort$SerialInputStream.available(RXTXPort.java:1532)

14:23:00.694 ERROR - Unexpected exception while reading from serial port: {} java.io.IOException: Bad file descriptor in nativeavailable
	at gnu.io.RXTXPort.nativeavailable(Native Method)
	at gnu.io.RXTXPort$SerialInputStream.available(RXTXPort.java:1532)

14:23:00.709 ERROR - Unexpected exception while reading from serial port: {} java.io.IOException: Bad file descriptor in nativeavailable
	at gnu.io.RXTXPort.nativeavailable(Native Method)
	at gnu.io.RXTXPort$SerialInputStream.available(RXTXPort.java:1532)

14:23:00.725 ERROR - Unexpected exception while reading from serial port: {} java.io.IOException: Bad file descriptor in nativeavailable
	at gnu.io.RXTXPort.nativeavailable(Native Method)
	at gnu.io.RXTXPort$SerialInputStream.available(RXTXPort.java:1532)

14:23:00.740 ERROR - Unexpected exception while reading from serial port: {} java.io.IOException: Bad file descriptor in nativeavailable
	at gnu.io.RXTXPort.nativeavailable(Native Method)
	at gnu.io.RXTXPort$SerialInputStream.available(RXTXPort.java:1532)

14:23:00.756 ERROR - Unexpected exception while reading from serial port: {} java.io.IOException: Bad file descriptor in nativeavailable
	at gnu.io.RXTXPort.nativeavailable(Native Method)
	at gnu.io.RXTXPort$SerialInputStream.available(RXTXPort.java:1532)

14:23:00.772 ERROR - Unexpected exception while reading from serial port: {} java.io.IOException: Bad file descriptor in nativeavailable
	at gnu.io.RXTXPort.nativeavailable(Native Method)
	at gnu.io.RXTXPort$SerialInputStream.available(RXTXPort.java:1532)

14:23:00.787 ERROR - Unexpected exception while reading from serial port: {} java.io.IOException: Bad file descriptor in nativeavailable
	at gnu.io.RXTXPort.nativeavailable(Native Method)
	at gnu.io.RXTXPort$SerialInputStream.available(RXTXPort.java:1532)

14:23:00.803 ERROR - Unexpected exception while reading from serial port: {} java.io.IOException: Bad file descriptor in nativeavailable
	at gnu.io.RXTXPort.nativeavailable(Native Method)
	at gnu.io.RXTXPort$SerialInputStream.available(RXTXPort.java:1532)

14:23:00.818 ERROR - Unexpected exception while reading from serial port: {} java.io.IOException: Bad file descriptor in nativeavailable
	at gnu.io.RXTXPort.nativeavailable(Native Method)
	at gnu.io.RXTXPort$SerialInputStream.available(RXTXPort.java:1532)

14:23:00.834 ERROR - Unexpected exception while reading from serial port: {} java.io.IOException: Bad file descriptor in nativeavailable
	at gnu.io.RXTXPort.nativeavailable(Native Method)
	at gnu.io.RXTXPort$SerialInputStream.available(RXTXPort.java:1532)

14:23:00.850 ERROR - Unexpected exception while reading from serial port: {} java.io.IOException: Bad file descriptor in nativeavailable
	at gnu.io.RXTXPort.nativeavailable(Native Method)
	at gnu.io.RXTXPort$SerialInputStream.available(RXTXPort.java:1532)

14:23:00.865 ERROR - Unexpected exception while reading from serial port: {} java.io.IOException: Bad file descriptor in nativeavailable
	at gnu.io.RXTXPort.nativeavailable(Native Method)
	at gnu.io.RXTXPort$SerialInputStream.available(RXTXPort.java:1532)

14:25:01.970 INFO  - FPGA configured successfully with bitstream "D:/xup/embedded/labss/finalproject2/finalproject2.sdk/SDK/SDK_Export/hw_platform_0/system.bit" 
14:25:13.905 INFO  - Processor reset is completed for ps7_cortexa9_0 
14:25:14.014 INFO  - PS initialization will be done as it is not done before. 
14:25:14.014 INFO  - Running PS initialization.... 
14:25:14.326 INFO  - ps7_init is completed. 
14:25:14.436 INFO  - ps7_post_config is completed. 
14:25:14.545 INFO  - PS Initialization is complete. 
14:28:05.909 INFO  - FPGA configured successfully with bitstream "D:/xup/embedded/labss/finalproject2/finalproject2.sdk/SDK/SDK_Export/hw_platform_0/system.bit" 
14:28:19.420 INFO  - Processor reset is completed for ps7_cortexa9_0 
14:28:19.529 INFO  - PS initialization will be done as it is not done before. 
14:28:19.529 INFO  - Running PS initialization.... 
14:28:19.888 INFO  - ps7_init is completed. 
14:28:19.997 INFO  - ps7_post_config is completed. 
14:28:20.106 INFO  - PS Initialization is complete. 
14:30:11.153 INFO  - FPGA configured successfully with bitstream "D:/xup/embedded/labss/finalproject2/finalproject2.sdk/SDK/SDK_Export/hw_platform_0/system.bit" 
14:30:42.510 INFO  - Processor reset is completed for ps7_cortexa9_0 
14:30:42.619 INFO  - PS initialization will be done as it is not done before. 
14:30:42.619 INFO  - Running PS initialization.... 
14:30:42.978 INFO  - ps7_init is completed. 
14:30:43.089 INFO  - ps7_post_config is completed. 
14:30:43.198 INFO  - PS Initialization is complete. 
14:34:55.358 INFO  - FPGA configured successfully with bitstream "D:/xup/embedded/labss/finalproject2/finalproject2.sdk/SDK/SDK_Export/hw_platform_0/system.bit" 
14:35:08.744 INFO  - Processor reset is completed for ps7_cortexa9_0 
14:35:08.744 INFO  - PS initialization will be done as it is not done before. 
14:35:08.744 INFO  - Running PS initialization.... 
14:35:09.134 INFO  - ps7_init is completed. 
14:35:09.243 INFO  - ps7_post_config is completed. 
14:35:09.352 INFO  - PS Initialization is complete. 
14:37:51.164 INFO  - FPGA configured successfully with bitstream "D:/xup/embedded/labss/finalproject2/finalproject2.sdk/SDK/SDK_Export/hw_platform_0/system.bit" 
14:38:12.662 INFO  - Processor reset is completed for ps7_cortexa9_0 
14:38:12.771 INFO  - PS initialization will be done as it is not done before. 
14:38:12.771 INFO  - Running PS initialization.... 
14:38:13.115 INFO  - ps7_init is completed. 
14:38:13.224 INFO  - ps7_post_config is completed. 
14:38:13.333 INFO  - PS Initialization is complete. 
14:44:17.562 INFO  - FPGA configured successfully with bitstream "D:/xup/embedded/labss/finalproject2/finalproject2.sdk/SDK/SDK_Export/hw_platform_0/system.bit" 
14:44:30.262 INFO  - Processor reset is completed for ps7_cortexa9_0 
14:44:30.371 INFO  - PS initialization will be done as it is not done before. 
14:44:30.371 INFO  - Running PS initialization.... 
14:44:30.714 INFO  - ps7_init is completed. 
14:44:30.823 INFO  - ps7_post_config is completed. 
14:44:30.933 INFO  - PS Initialization is complete. 
14:49:54.842 INFO  - FPGA configured successfully with bitstream "D:/xup/embedded/labss/finalproject2/finalproject2.sdk/SDK/SDK_Export/hw_platform_0/system.bit" 
14:50:07.151 INFO  - Processor reset is completed for ps7_cortexa9_0 
14:50:07.260 INFO  - PS initialization will be done as it is not done before. 
14:50:07.260 INFO  - Running PS initialization.... 
14:50:07.635 INFO  - ps7_init is completed. 
14:50:07.744 INFO  - ps7_post_config is completed. 
14:50:07.853 INFO  - PS Initialization is complete. 
14:51:18.761 INFO  - FPGA configured successfully with bitstream "D:/xup/embedded/labss/finalproject2/finalproject2.sdk/SDK/SDK_Export/hw_platform_0/system.bit" 
14:51:33.894 INFO  - Processor reset is completed for ps7_cortexa9_0 
14:51:34.003 INFO  - PS initialization will be done as it is not done before. 
14:51:34.003 INFO  - Running PS initialization.... 
14:51:34.377 INFO  - ps7_init is completed. 
14:51:34.487 INFO  - ps7_post_config is completed. 
14:51:34.596 INFO  - PS Initialization is complete. 
14:54:09.148 INFO  - FPGA configured successfully with bitstream "D:/xup/embedded/labss/finalproject2/finalproject2.sdk/SDK/SDK_Export/hw_platform_0/system.bit" 
14:54:21.894 INFO  - Processor reset is completed for ps7_cortexa9_0 
14:54:22.003 INFO  - PS initialization will be done as it is not done before. 
14:54:22.003 INFO  - Running PS initialization.... 
14:54:22.393 INFO  - ps7_init is completed. 
14:54:22.502 INFO  - ps7_post_config is completed. 
14:54:22.611 INFO  - PS Initialization is complete. 
14:55:23.490 INFO  - FPGA configured successfully with bitstream "D:/xup/embedded/labss/finalproject2/finalproject2.sdk/SDK/SDK_Export/hw_platform_0/system.bit" 
14:55:37.656 INFO  - Processor reset is completed for ps7_cortexa9_0 
14:55:37.765 INFO  - PS initialization will be done as it is not done before. 
14:55:37.765 INFO  - Running PS initialization.... 
14:55:38.062 INFO  - ps7_init is completed. 
14:55:38.171 INFO  - ps7_post_config is completed. 
14:55:38.280 INFO  - PS Initialization is complete. 
15:04:48.692 INFO  - FPGA configured successfully with bitstream "D:/xup/embedded/labss/finalproject2/finalproject2.sdk/SDK/SDK_Export/hw_platform_0/system.bit" 
15:05:04.168 INFO  - Processor reset is completed for ps7_cortexa9_0 
15:05:04.277 INFO  - PS initialization will be done as it is not done before. 
15:05:04.277 INFO  - Running PS initialization.... 
15:05:04.948 INFO  - ps7_init is completed. 
15:05:05.057 INFO  - ps7_post_config is completed. 
15:05:05.167 INFO  - PS Initialization is complete. 
15:14:56.310 INFO  - FPGA configured successfully with bitstream "D:/xup/embedded/labss/finalproject2/finalproject2.sdk/SDK/SDK_Export/hw_platform_0/system.bit" 
15:15:11.412 INFO  - Processor reset is completed for ps7_cortexa9_0 
15:15:11.521 INFO  - PS initialization will be done as it is not done before. 
15:15:11.521 INFO  - Running PS initialization.... 
15:15:11.927 INFO  - ps7_init is completed. 
15:15:12.036 INFO  - ps7_post_config is completed. 
15:15:12.145 INFO  - PS Initialization is complete. 
15:16:38.087 ERROR - Unexpected exception while reading from serial port: {} java.io.IOException: Bad file descriptor in nativeavailable
	at gnu.io.RXTXPort.nativeavailable(Native Method)
	at gnu.io.RXTXPort$SerialInputStream.available(RXTXPort.java:1532)

15:16:38.118 ERROR - Unexpected exception while reading from serial port: {} java.io.IOException: Bad file descriptor in nativeavailable
	at gnu.io.RXTXPort.nativeavailable(Native Method)
	at gnu.io.RXTXPort$SerialInputStream.available(RXTXPort.java:1532)

15:16:38.133 ERROR - Unexpected exception while reading from serial port: {} java.io.IOException: Bad file descriptor in nativeavailable
	at gnu.io.RXTXPort.nativeavailable(Native Method)
	at gnu.io.RXTXPort$SerialInputStream.available(RXTXPort.java:1532)

15:16:38.149 ERROR - Unexpected exception while reading from serial port: {} java.io.IOException: Bad file descriptor in nativeavailable
	at gnu.io.RXTXPort.nativeavailable(Native Method)
	at gnu.io.RXTXPort$SerialInputStream.available(RXTXPort.java:1532)

15:16:38.165 ERROR - Unexpected exception while reading from serial port: {} java.io.IOException: Bad file descriptor in nativeavailable
	at gnu.io.RXTXPort.nativeavailable(Native Method)
	at gnu.io.RXTXPort$SerialInputStream.available(RXTXPort.java:1532)

15:16:38.166 ERROR - Unexpected exception while reading from serial port: {} java.io.IOException: Bad file descriptor in nativeavailable
	at gnu.io.RXTXPort.nativeavailable(Native Method)
	at gnu.io.RXTXPort$SerialInputStream.available(RXTXPort.java:1532)

15:16:38.181 ERROR - Unexpected exception while reading from serial port: {} java.io.IOException: Bad file descriptor in nativeavailable
	at gnu.io.RXTXPort.nativeavailable(Native Method)
	at gnu.io.RXTXPort$SerialInputStream.available(RXTXPort.java:1532)

15:16:38.197 ERROR - Unexpected exception while reading from serial port: {} java.io.IOException: Bad file descriptor in nativeavailable
	at gnu.io.RXTXPort.nativeavailable(Native Method)
	at gnu.io.RXTXPort$SerialInputStream.available(RXTXPort.java:1532)

15:16:38.212 ERROR - Unexpected exception while reading from serial port: {} java.io.IOException: Bad file descriptor in nativeavailable
	at gnu.io.RXTXPort.nativeavailable(Native Method)
	at gnu.io.RXTXPort$SerialInputStream.available(RXTXPort.java:1532)

15:16:38.228 ERROR - Unexpected exception while reading from serial port: {} java.io.IOException: Bad file descriptor in nativeavailable
	at gnu.io.RXTXPort.nativeavailable(Native Method)
	at gnu.io.RXTXPort$SerialInputStream.available(RXTXPort.java:1532)

15:16:38.244 ERROR - Unexpected exception while reading from serial port: {} java.io.IOException: Bad file descriptor in nativeavailable
	at gnu.io.RXTXPort.nativeavailable(Native Method)
	at gnu.io.RXTXPort$SerialInputStream.available(RXTXPort.java:1532)

15:16:38.259 ERROR - Unexpected exception while reading from serial port: {} java.io.IOException: Bad file descriptor in nativeavailable
	at gnu.io.RXTXPort.nativeavailable(Native Method)
	at gnu.io.RXTXPort$SerialInputStream.available(RXTXPort.java:1532)

15:16:38.275 ERROR - Unexpected exception while reading from serial port: {} java.io.IOException: Bad file descriptor in nativeavailable
	at gnu.io.RXTXPort.nativeavailable(Native Method)
	at gnu.io.RXTXPort$SerialInputStream.available(RXTXPort.java:1532)

15:16:38.290 ERROR - Unexpected exception while reading from serial port: {} java.io.IOException: Bad file descriptor in nativeavailable
	at gnu.io.RXTXPort.nativeavailable(Native Method)
	at gnu.io.RXTXPort$SerialInputStream.available(RXTXPort.java:1532)

15:16:38.306 ERROR - Unexpected exception while reading from serial port: {} java.io.IOException: Bad file descriptor in nativeavailable
	at gnu.io.RXTXPort.nativeavailable(Native Method)
	at gnu.io.RXTXPort$SerialInputStream.available(RXTXPort.java:1532)

15:16:38.322 ERROR - Unexpected exception while reading from serial port: {} java.io.IOException: Bad file descriptor in nativeavailable
	at gnu.io.RXTXPort.nativeavailable(Native Method)
	at gnu.io.RXTXPort$SerialInputStream.available(RXTXPort.java:1532)

15:16:38.337 ERROR - Unexpected exception while reading from serial port: {} java.io.IOException: Bad file descriptor in nativeavailable
	at gnu.io.RXTXPort.nativeavailable(Native Method)
	at gnu.io.RXTXPort$SerialInputStream.available(RXTXPort.java:1532)

15:16:38.353 ERROR - Unexpected exception while reading from serial port: {} java.io.IOException: Bad file descriptor in nativeavailable
	at gnu.io.RXTXPort.nativeavailable(Native Method)
	at gnu.io.RXTXPort$SerialInputStream.available(RXTXPort.java:1532)

15:16:38.368 ERROR - Unexpected exception while reading from serial port: {} java.io.IOException: Bad file descriptor in nativeavailable
	at gnu.io.RXTXPort.nativeavailable(Native Method)
	at gnu.io.RXTXPort$SerialInputStream.available(RXTXPort.java:1532)

15:16:38.384 ERROR - Unexpected exception while reading from serial port: {} java.io.IOException: Bad file descriptor in nativeavailable
	at gnu.io.RXTXPort.nativeavailable(Native Method)
	at gnu.io.RXTXPort$SerialInputStream.available(RXTXPort.java:1532)

15:16:38.400 ERROR - Unexpected exception while reading from serial port: {} java.io.IOException: Bad file descriptor in nativeavailable
	at gnu.io.RXTXPort.nativeavailable(Native Method)
	at gnu.io.RXTXPort$SerialInputStream.available(RXTXPort.java:1532)

15:16:38.415 ERROR - Unexpected exception while reading from serial port: {} java.io.IOException: Bad file descriptor in nativeavailable
	at gnu.io.RXTXPort.nativeavailable(Native Method)
	at gnu.io.RXTXPort$SerialInputStream.available(RXTXPort.java:1532)

15:16:38.431 ERROR - Unexpected exception while reading from serial port: {} java.io.IOException: Bad file descriptor in nativeavailable
	at gnu.io.RXTXPort.nativeavailable(Native Method)
	at gnu.io.RXTXPort$SerialInputStream.available(RXTXPort.java:1532)

15:16:38.446 ERROR - Unexpected exception while reading from serial port: {} java.io.IOException: Bad file descriptor in nativeavailable
	at gnu.io.RXTXPort.nativeavailable(Native Method)
	at gnu.io.RXTXPort$SerialInputStream.available(RXTXPort.java:1532)

15:16:38.462 ERROR - Unexpected exception while reading from serial port: {} java.io.IOException: Bad file descriptor in nativeavailable
	at gnu.io.RXTXPort.nativeavailable(Native Method)
	at gnu.io.RXTXPort$SerialInputStream.available(RXTXPort.java:1532)

15:16:38.478 ERROR - Unexpected exception while reading from serial port: {} java.io.IOException: Bad file descriptor in nativeavailable
	at gnu.io.RXTXPort.nativeavailable(Native Method)
	at gnu.io.RXTXPort$SerialInputStream.available(RXTXPort.java:1532)

15:16:38.493 ERROR - Unexpected exception while reading from serial port: {} java.io.IOException: Bad file descriptor in nativeavailable
	at gnu.io.RXTXPort.nativeavailable(Native Method)
	at gnu.io.RXTXPort$SerialInputStream.available(RXTXPort.java:1532)

15:16:38.509 ERROR - Unexpected exception while reading from serial port: {} java.io.IOException: Bad file descriptor in nativeavailable
	at gnu.io.RXTXPort.nativeavailable(Native Method)
	at gnu.io.RXTXPort$SerialInputStream.available(RXTXPort.java:1532)

15:16:38.510 ERROR - Unexpected exception while reading from serial port: {} java.io.IOException: Bad file descriptor in nativeavailable
	at gnu.io.RXTXPort.nativeavailable(Native Method)
	at gnu.io.RXTXPort$SerialInputStream.available(RXTXPort.java:1532)

15:16:38.511 ERROR - Unexpected exception while reading from serial port: {} java.io.IOException: Bad file descriptor in nativeavailable
	at gnu.io.RXTXPort.nativeavailable(Native Method)
	at gnu.io.RXTXPort$SerialInputStream.available(RXTXPort.java:1532)

15:16:38.521 ERROR - Unexpected exception while reading from serial port: {} java.io.IOException: Bad file descriptor in nativeavailable
	at gnu.io.RXTXPort.nativeavailable(Native Method)
	at gnu.io.RXTXPort$SerialInputStream.available(RXTXPort.java:1532)

15:16:38.531 ERROR - Unexpected exception while reading from serial port: {} java.io.IOException: Bad file descriptor in nativeavailable
	at gnu.io.RXTXPort.nativeavailable(Native Method)
	at gnu.io.RXTXPort$SerialInputStream.available(RXTXPort.java:1532)

15:16:38.541 ERROR - Unexpected exception while reading from serial port: {} java.io.IOException: Bad file descriptor in nativeavailable
	at gnu.io.RXTXPort.nativeavailable(Native Method)
	at gnu.io.RXTXPort$SerialInputStream.available(RXTXPort.java:1532)

15:16:38.551 ERROR - Unexpected exception while reading from serial port: {} java.io.IOException: Bad file descriptor in nativeavailable
	at gnu.io.RXTXPort.nativeavailable(Native Method)
	at gnu.io.RXTXPort$SerialInputStream.available(RXTXPort.java:1532)

15:16:38.561 ERROR - Unexpected exception while reading from serial port: {} java.io.IOException: Bad file descriptor in nativeavailable
	at gnu.io.RXTXPort.nativeavailable(Native Method)
	at gnu.io.RXTXPort$SerialInputStream.available(RXTXPort.java:1532)

15:16:38.571 ERROR - Unexpected exception while reading from serial port: {} java.io.IOException: Bad file descriptor in nativeavailable
	at gnu.io.RXTXPort.nativeavailable(Native Method)
	at gnu.io.RXTXPort$SerialInputStream.available(RXTXPort.java:1532)

15:16:38.581 ERROR - Unexpected exception while reading from serial port: {} java.io.IOException: Bad file descriptor in nativeavailable
	at gnu.io.RXTXPort.nativeavailable(Native Method)
	at gnu.io.RXTXPort$SerialInputStream.available(RXTXPort.java:1532)

15:16:38.591 ERROR - Unexpected exception while reading from serial port: {} java.io.IOException: Bad file descriptor in nativeavailable
	at gnu.io.RXTXPort.nativeavailable(Native Method)
	at gnu.io.RXTXPort$SerialInputStream.available(RXTXPort.java:1532)

15:16:38.601 ERROR - Unexpected exception while reading from serial port: {} java.io.IOException: Bad file descriptor in nativeavailable
	at gnu.io.RXTXPort.nativeavailable(Native Method)
	at gnu.io.RXTXPort$SerialInputStream.available(RXTXPort.java:1532)

15:16:38.611 ERROR - Unexpected exception while reading from serial port: {} java.io.IOException: Bad file descriptor in nativeavailable
	at gnu.io.RXTXPort.nativeavailable(Native Method)
	at gnu.io.RXTXPort$SerialInputStream.available(RXTXPort.java:1532)

15:16:38.621 ERROR - Unexpected exception while reading from serial port: {} java.io.IOException: Bad file descriptor in nativeavailable
	at gnu.io.RXTXPort.nativeavailable(Native Method)
	at gnu.io.RXTXPort$SerialInputStream.available(RXTXPort.java:1532)

15:16:38.631 ERROR - Unexpected exception while reading from serial port: {} java.io.IOException: Bad file descriptor in nativeavailable
	at gnu.io.RXTXPort.nativeavailable(Native Method)
	at gnu.io.RXTXPort$SerialInputStream.available(RXTXPort.java:1532)

15:16:38.641 ERROR - Unexpected exception while reading from serial port: {} java.io.IOException: Bad file descriptor in nativeavailable
	at gnu.io.RXTXPort.nativeavailable(Native Method)
	at gnu.io.RXTXPort$SerialInputStream.available(RXTXPort.java:1532)

15:16:38.651 ERROR - Unexpected exception while reading from serial port: {} java.io.IOException: Bad file descriptor in nativeavailable
	at gnu.io.RXTXPort.nativeavailable(Native Method)
	at gnu.io.RXTXPort$SerialInputStream.available(RXTXPort.java:1532)

15:16:38.661 ERROR - Unexpected exception while reading from serial port: {} java.io.IOException: Bad file descriptor in nativeavailable
	at gnu.io.RXTXPort.nativeavailable(Native Method)
	at gnu.io.RXTXPort$SerialInputStream.available(RXTXPort.java:1532)

15:16:38.671 ERROR - Unexpected exception while reading from serial port: {} java.io.IOException: Bad file descriptor in nativeavailable
	at gnu.io.RXTXPort.nativeavailable(Native Method)
	at gnu.io.RXTXPort$SerialInputStream.available(RXTXPort.java:1532)

15:16:38.681 ERROR - Unexpected exception while reading from serial port: {} java.io.IOException: Bad file descriptor in nativeavailable
	at gnu.io.RXTXPort.nativeavailable(Native Method)
	at gnu.io.RXTXPort$SerialInputStream.available(RXTXPort.java:1532)

15:16:38.691 ERROR - Unexpected exception while reading from serial port: {} java.io.IOException: Bad file descriptor in nativeavailable
	at gnu.io.RXTXPort.nativeavailable(Native Method)
	at gnu.io.RXTXPort$SerialInputStream.available(RXTXPort.java:1532)

15:16:38.701 ERROR - Unexpected exception while reading from serial port: {} java.io.IOException: Bad file descriptor in nativeavailable
	at gnu.io.RXTXPort.nativeavailable(Native Method)
	at gnu.io.RXTXPort$SerialInputStream.available(RXTXPort.java:1532)

15:16:38.711 ERROR - Unexpected exception while reading from serial port: {} java.io.IOException: Bad file descriptor in nativeavailable
	at gnu.io.RXTXPort.nativeavailable(Native Method)
	at gnu.io.RXTXPort$SerialInputStream.available(RXTXPort.java:1532)

15:16:38.721 ERROR - Unexpected exception while reading from serial port: {} java.io.IOException: Bad file descriptor in nativeavailable
	at gnu.io.RXTXPort.nativeavailable(Native Method)
	at gnu.io.RXTXPort$SerialInputStream.available(RXTXPort.java:1532)

15:16:38.731 ERROR - Unexpected exception while reading from serial port: {} java.io.IOException: Bad file descriptor in nativeavailable
	at gnu.io.RXTXPort.nativeavailable(Native Method)
	at gnu.io.RXTXPort$SerialInputStream.available(RXTXPort.java:1532)

15:16:38.741 ERROR - Unexpected exception while reading from serial port: {} java.io.IOException: Bad file descriptor in nativeavailable
	at gnu.io.RXTXPort.nativeavailable(Native Method)
	at gnu.io.RXTXPort$SerialInputStream.available(RXTXPort.java:1532)

15:16:38.751 ERROR - Unexpected exception while reading from serial port: {} java.io.IOException: Bad file descriptor in nativeavailable
	at gnu.io.RXTXPort.nativeavailable(Native Method)
	at gnu.io.RXTXPort$SerialInputStream.available(RXTXPort.java:1532)

15:16:38.761 ERROR - Unexpected exception while reading from serial port: {} java.io.IOException: Bad file descriptor in nativeavailable
	at gnu.io.RXTXPort.nativeavailable(Native Method)
	at gnu.io.RXTXPort$SerialInputStream.available(RXTXPort.java:1532)

15:16:38.771 ERROR - Unexpected exception while reading from serial port: {} java.io.IOException: Bad file descriptor in nativeavailable
	at gnu.io.RXTXPort.nativeavailable(Native Method)
	at gnu.io.RXTXPort$SerialInputStream.available(RXTXPort.java:1532)

15:16:38.781 ERROR - Unexpected exception while reading from serial port: {} java.io.IOException: Bad file descriptor in nativeavailable
	at gnu.io.RXTXPort.nativeavailable(Native Method)
	at gnu.io.RXTXPort$SerialInputStream.available(RXTXPort.java:1532)

15:16:38.791 ERROR - Unexpected exception while reading from serial port: {} java.io.IOException: Bad file descriptor in nativeavailable
	at gnu.io.RXTXPort.nativeavailable(Native Method)
	at gnu.io.RXTXPort$SerialInputStream.available(RXTXPort.java:1532)

15:16:38.801 ERROR - Unexpected exception while reading from serial port: {} java.io.IOException: Bad file descriptor in nativeavailable
	at gnu.io.RXTXPort.nativeavailable(Native Method)
	at gnu.io.RXTXPort$SerialInputStream.available(RXTXPort.java:1532)

15:16:38.811 ERROR - Unexpected exception while reading from serial port: {} java.io.IOException: Bad file descriptor in nativeavailable
	at gnu.io.RXTXPort.nativeavailable(Native Method)
	at gnu.io.RXTXPort$SerialInputStream.available(RXTXPort.java:1532)

15:16:38.821 ERROR - Unexpected exception while reading from serial port: {} java.io.IOException: Bad file descriptor in nativeavailable
	at gnu.io.RXTXPort.nativeavailable(Native Method)
	at gnu.io.RXTXPort$SerialInputStream.available(RXTXPort.java:1532)

15:16:38.831 ERROR - Unexpected exception while reading from serial port: {} java.io.IOException: Bad file descriptor in nativeavailable
	at gnu.io.RXTXPort.nativeavailable(Native Method)
	at gnu.io.RXTXPort$SerialInputStream.available(RXTXPort.java:1532)

15:16:38.841 ERROR - Unexpected exception while reading from serial port: {} java.io.IOException: Bad file descriptor in nativeavailable
	at gnu.io.RXTXPort.nativeavailable(Native Method)
	at gnu.io.RXTXPort$SerialInputStream.available(RXTXPort.java:1532)

15:16:38.851 ERROR - Unexpected exception while reading from serial port: {} java.io.IOException: Bad file descriptor in nativeavailable
	at gnu.io.RXTXPort.nativeavailable(Native Method)
	at gnu.io.RXTXPort$SerialInputStream.available(RXTXPort.java:1532)

15:16:38.861 ERROR - Unexpected exception while reading from serial port: {} java.io.IOException: Bad file descriptor in nativeavailable
	at gnu.io.RXTXPort.nativeavailable(Native Method)
	at gnu.io.RXTXPort$SerialInputStream.available(RXTXPort.java:1532)

15:16:38.871 ERROR - Unexpected exception while reading from serial port: {} java.io.IOException: Bad file descriptor in nativeavailable
	at gnu.io.RXTXPort.nativeavailable(Native Method)
	at gnu.io.RXTXPort$SerialInputStream.available(RXTXPort.java:1532)

15:16:38.881 ERROR - Unexpected exception while reading from serial port: {} java.io.IOException: Bad file descriptor in nativeavailable
	at gnu.io.RXTXPort.nativeavailable(Native Method)
	at gnu.io.RXTXPort$SerialInputStream.available(RXTXPort.java:1532)

15:16:38.891 ERROR - Unexpected exception while reading from serial port: {} java.io.IOException: Bad file descriptor in nativeavailable
	at gnu.io.RXTXPort.nativeavailable(Native Method)
	at gnu.io.RXTXPort$SerialInputStream.available(RXTXPort.java:1532)

15:16:38.901 ERROR - Unexpected exception while reading from serial port: {} java.io.IOException: Bad file descriptor in nativeavailable
	at gnu.io.RXTXPort.nativeavailable(Native Method)
	at gnu.io.RXTXPort$SerialInputStream.available(RXTXPort.java:1532)

15:16:38.911 ERROR - Unexpected exception while reading from serial port: {} java.io.IOException: Bad file descriptor in nativeavailable
	at gnu.io.RXTXPort.nativeavailable(Native Method)
	at gnu.io.RXTXPort$SerialInputStream.available(RXTXPort.java:1532)

15:16:38.921 ERROR - Unexpected exception while reading from serial port: {} java.io.IOException: Bad file descriptor in nativeavailable
	at gnu.io.RXTXPort.nativeavailable(Native Method)
	at gnu.io.RXTXPort$SerialInputStream.available(RXTXPort.java:1532)

15:16:38.931 ERROR - Unexpected exception while reading from serial port: {} java.io.IOException: Bad file descriptor in nativeavailable
	at gnu.io.RXTXPort.nativeavailable(Native Method)
	at gnu.io.RXTXPort$SerialInputStream.available(RXTXPort.java:1532)

15:16:38.941 ERROR - Unexpected exception while reading from serial port: {} java.io.IOException: Bad file descriptor in nativeavailable
	at gnu.io.RXTXPort.nativeavailable(Native Method)
	at gnu.io.RXTXPort$SerialInputStream.available(RXTXPort.java:1532)

15:16:38.951 ERROR - Unexpected exception while reading from serial port: {} java.io.IOException: Bad file descriptor in nativeavailable
	at gnu.io.RXTXPort.nativeavailable(Native Method)
	at gnu.io.RXTXPort$SerialInputStream.available(RXTXPort.java:1532)

15:16:38.961 ERROR - Unexpected exception while reading from serial port: {} java.io.IOException: Bad file descriptor in nativeavailable
	at gnu.io.RXTXPort.nativeavailable(Native Method)
	at gnu.io.RXTXPort$SerialInputStream.available(RXTXPort.java:1532)

15:34:27.239 ERROR - Unexpected error while parsing XMD response ?: com.google.gson.JsonSyntaxException: com.google.gson.stream.MalformedJsonException: invalid number or unquoted string near  
15:57:03.048 INFO  - Processing command line option -hwspec D:/xup/embedded/labss/finalproject2/finalproject2.sdk/SDK/SDK_Export/hw/system.xml. 
15:57:05.170 INFO  - The hardware specification for project 'hw_platform_0' is different from D:/xup/embedded/labss/finalproject2/finalproject2.sdk/SDK/SDK_Export/hw/system.xml. 
15:57:05.310 INFO  - Copied contents of D:/xup/embedded/labss/finalproject2/finalproject2.sdk/SDK/SDK_Export/hw/system.xml into \hw_platform_0\system.xml. 
15:57:05.357 INFO  - Copied contents of D:\xup\embedded\labss\finalproject2\finalproject2.sdk\SDK\SDK_Export\hw\system_wrapper.bit into \hw_platform_0\system_wrapper.bit. 
15:57:06.340 INFO  - Copied contents of D:\xup\embedded\labss\finalproject2\finalproject2.sdk\SDK\SDK_Export\hw\ps7_init.c into \hw_platform_0\ps7_init.c. 
15:57:06.340 INFO  - Copied contents of D:\xup\embedded\labss\finalproject2\finalproject2.sdk\SDK\SDK_Export\hw\ps7_init.h into \hw_platform_0\ps7_init.h. 
15:57:06.340 INFO  - Copied contents of D:\xup\embedded\labss\finalproject2\finalproject2.sdk\SDK\SDK_Export\hw\ps7_init.html into \hw_platform_0\ps7_init.html. 
15:57:06.340 INFO  - Copied contents of D:\xup\embedded\labss\finalproject2\finalproject2.sdk\SDK\SDK_Export\hw\ps7_summary.html into \hw_platform_0\ps7_summary.html. 
15:57:06.355 INFO  - Copied contents of D:\xup\embedded\labss\finalproject2\finalproject2.sdk\SDK\SDK_Export\hw\ps7_init.tcl into \hw_platform_0\ps7_init.tcl. 
15:57:06.792 INFO  - Synchronizing projects in the workspace with the hardware platform specification changes. 
15:57:09.366 INFO  - Updating hardware inferred compiler options for TestApp. 
15:57:09.366 INFO  - Clearing existing target manager status. 
15:57:13.298 ERROR - Unexpected error while obtaining referenced S/W project {} org.eclipse.core.internal.resources.ResourceException: Resource '/mem_test' is not open.
	at org.eclipse.core.internal.resources.Project.checkAccessible(Project.java:150)
	at org.eclipse.core.internal.resources.Project.getReferencedProjects(Project.java:521)

15:57:13.298 ERROR - Unexpected error while obtaining referenced S/W project {} org.eclipse.core.internal.resources.ResourceException: Resource '/mem_test_bsp' is not open.
	at org.eclipse.core.internal.resources.Project.checkAccessible(Project.java:150)
	at org.eclipse.core.internal.resources.Project.getReferencedProjects(Project.java:521)

15:57:49.986 INFO  - FPGA configured successfully with bitstream "D:/xup/embedded/labss/finalproject2/finalproject2.sdk/SDK/SDK_Export/hw_platform_0/system.bit" 
15:58:11.624 INFO  - Processor reset is completed for ps7_cortexa9_0 
15:58:11.734 INFO  - PS initialization will be done as it is not done before. 
15:58:11.734 INFO  - Running PS initialization.... 
15:58:12.170 INFO  - ps7_init is completed. 
15:58:12.280 INFO  - ps7_post_config is completed. 
15:58:12.389 INFO  - PS Initialization is complete. 
16:00:00.298 INFO  - FPGA configured successfully with bitstream "D:/xup/embedded/labss/finalproject2/finalproject2.sdk/SDK/SDK_Export/hw_platform_0/system.bit" 
16:00:21.281 INFO  - Processor reset is completed for ps7_cortexa9_0 
16:18:55.620 ERROR - Unexpected error while parsing XMD response ?: com.google.gson.JsonSyntaxException: com.google.gson.stream.MalformedJsonException: invalid number or unquoted string near  
