Build started 2015/3/11 12:25:35.
     1>Project "C:\Users\DianaGuo\documents\visual studio 2010\Projects\ForExercises\ForExercises\ForExercises.vcxproj" on node 2 (build target(s)).
     1>InitializeBuildStatus:
         Creating "Debug\ForExercises.unsuccessfulbuild" because "AlwaysCreate" was specified.
       ClCompile:
         c:\Program Files (x86)\Microsoft Visual Studio 10.0\VC\bin\CL.exe /c /ZI /nologo /W3 /WX- /Od /Oy- /D _MBCS /Gm /EHsc /RTC1 /MDd /GS /fp:precise /Zc:wchar_t /Zc:forScope /Fo"Debug\\" /Fd"Debug\vc100.pdb" /Gd /TP /analyze- /errorReport:prompt FileSysTraversal.cpp
         FileSysTraversal.cpp
     1>c:\users\dianaguo\documents\visual studio 2010\projects\forexercises\forexercises\filesystraversal.cpp(48): warning C4996: 'getcwd': The POSIX name for this item is deprecated. Instead, use the ISO C++ conformant name: _getcwd. See online help for details.
                 c:\program files (x86)\microsoft visual studio 10.0\vc\include\direct.h(117) : see declaration of 'getcwd'
     1>c:\users\dianaguo\documents\visual studio 2010\projects\forexercises\forexercises\filesystraversal.cpp(53): warning C4996: 'strcat': This function or variable may be unsafe. Consider using strcat_s instead. To disable deprecation, use _CRT_SECURE_NO_WARNINGS. See online help for details.
                 c:\program files (x86)\microsoft visual studio 10.0\vc\include\string.h(110) : see declaration of 'strcat'
     1>c:\users\dianaguo\documents\visual studio 2010\projects\forexercises\forexercises\filesystraversal.cpp(68): warning C4996: 'strcat': This function or variable may be unsafe. Consider using strcat_s instead. To disable deprecation, use _CRT_SECURE_NO_WARNINGS. See online help for details.
                 c:\program files (x86)\microsoft visual studio 10.0\vc\include\string.h(110) : see declaration of 'strcat'
     1>c:\users\dianaguo\documents\visual studio 2010\projects\forexercises\forexercises\filesystraversal.cpp(90): warning C4996: 'strcpy': This function or variable may be unsafe. Consider using strcpy_s instead. To disable deprecation, use _CRT_SECURE_NO_WARNINGS. See online help for details.
                 c:\program files (x86)\microsoft visual studio 10.0\vc\include\string.h(105) : see declaration of 'strcpy'
     1>c:\users\dianaguo\documents\visual studio 2010\projects\forexercises\forexercises\filesystraversal.cpp(91): warning C4996: 'strcat': This function or variable may be unsafe. Consider using strcat_s instead. To disable deprecation, use _CRT_SECURE_NO_WARNINGS. See online help for details.
                 c:\program files (x86)\microsoft visual studio 10.0\vc\include\string.h(110) : see declaration of 'strcat'
     1>c:\users\dianaguo\documents\visual studio 2010\projects\forexercises\forexercises\filesystraversal.cpp(114): warning C4996: 'strcpy': This function or variable may be unsafe. Consider using strcpy_s instead. To disable deprecation, use _CRT_SECURE_NO_WARNINGS. See online help for details.
                 c:\program files (x86)\microsoft visual studio 10.0\vc\include\string.h(105) : see declaration of 'strcpy'
     1>c:\users\dianaguo\documents\visual studio 2010\projects\forexercises\forexercises\filesystraversal.cpp(115): warning C4996: 'strcat': This function or variable may be unsafe. Consider using strcat_s instead. To disable deprecation, use _CRT_SECURE_NO_WARNINGS. See online help for details.
                 c:\program files (x86)\microsoft visual studio 10.0\vc\include\string.h(110) : see declaration of 'strcat'
     1>c:\users\dianaguo\documents\visual studio 2010\projects\forexercises\forexercises\filesystraversal.cpp(116): warning C4996: 'strcat': This function or variable may be unsafe. Consider using strcat_s instead. To disable deprecation, use _CRT_SECURE_NO_WARNINGS. See online help for details.
                 c:\program files (x86)\microsoft visual studio 10.0\vc\include\string.h(110) : see declaration of 'strcat'
     1>c:\users\dianaguo\documents\visual studio 2010\projects\forexercises\forexercises\filesystraversal.cpp(181): warning C4996: 'gets': This function or variable may be unsafe. Consider using gets_s instead. To disable deprecation, use _CRT_SECURE_NO_WARNINGS. See online help for details.
                 c:\program files (x86)\microsoft visual studio 10.0\vc\include\stdio.h(277) : see declaration of 'gets'
       Link:
         c:\Program Files (x86)\Microsoft Visual Studio 10.0\VC\bin\link.exe /ERRORREPORT:PROMPT /OUT:"C:\Users\DianaGuo\documents\visual studio 2010\Projects\ForExercises\Debug\ForExercises.exe" /NOLOGO kernel32.lib user32.lib gdi32.lib winspool.lib comdlg32.lib advapi32.lib shell32.lib ole32.lib oleaut32.lib uuid.lib odbc32.lib odbccp32.lib /MANIFEST /ManifestFile:"Debug\ForExercises.exe.intermediate.manifest" /MANIFESTUAC:"level='asInvoker' uiAccess='false'" /DEBUG /PDB:"C:\Users\DianaGuo\documents\visual studio 2010\Projects\ForExercises\Debug\ForExercises.pdb" /TLBID:1 /DYNAMICBASE /NXCOMPAT /IMPLIB:"C:\Users\DianaGuo\documents\visual studio 2010\Projects\ForExercises\Debug\ForExercises.lib" /MACHINE:X86 Debug\FileSysTraversal.obj
         LINK : C:\Users\DianaGuo\documents\visual studio 2010\Projects\ForExercises\Debug\ForExercises.exe not found or not built by the last incremental link; performing full link
         ForExercises.vcxproj -> C:\Users\DianaGuo\documents\visual studio 2010\Projects\ForExercises\Debug\ForExercises.exe
       Manifest:
         C:\Program Files (x86)\Microsoft SDKs\Windows\v7.0A\bin\mt.exe /nologo /verbose /outputresource:"C:\Users\DianaGuo\documents\visual studio 2010\Projects\ForExercises\Debug\ForExercises.exe;#1" /manifest Debug\ForExercises.exe.intermediate.manifest
       FinalizeBuildStatus:
         Deleting file "Debug\ForExercises.unsuccessfulbuild".
         Touching "Debug\ForExercises.lastbuildstate".
     1>Done Building Project "C:\Users\DianaGuo\documents\visual studio 2010\Projects\ForExercises\ForExercises\ForExercises.vcxproj" (build target(s)).

Build succeeded.

Time Elapsed 00:00:03.93
